<?xml version="1.0" encoding="UTF-8"?>
<!-- Generated by org.testng.reporters.JUnitXMLReporter -->
<testsuite hostname="LAPTOP-Q87N7ROT" ignored="2" name="Desktop Test Cases" tests="4" failures="0" timestamp="2020-04-25T12:18:26 IST" time="0.041" errors="0">
  <testcase name="LogOut" time="0.006" classname="TestNg.Demo4"/>
  <testcase name="LogOut" time="0.001" classname="TestNg.Demo4"/>
  <testcase name="LogOut" time="0.002" classname="TestNg.Demo4"/>
  <testcase name="web1" time="0.001" classname="TestNg.Demo4"/>
  <testcase name="mobileLogIn" time="0.0" classname="TestNg.Demo4">
    <ignored/>
  </testcase> <!-- mobileLogIn -->
  <testcase name="mobile1" time="0.0" classname="TestNg.Demo4">
    <ignored/>
  </testcase> <!-- mobile1 -->
</testsuite> <!-- Desktop Test Cases -->
