<?xml version="1.0" encoding="UTF-8"?>
<!-- Generated by org.testng.reporters.JUnitXMLReporter -->
<testsuite hostname="LAPTOP-Q87N7ROT" ignored="0" name="Personal Test Cases" tests="4" failures="0" timestamp="2020-04-25T12:18:26 IST" time="0.043" errors="0">
  <testcase name="firstTestCase" time="0.006" classname="TestNg.Demo1"/>
  <testcase name="MMMTestCase" time="0.002" classname="TestNg.Demo3"/>
  <testcase name="huhuTestCase" time="0.001" classname="TestNg.Demo3"/>
  <testcase name="mobileTestCase" time="0.001" classname="TestNg.Demo3"/>
</testsuite> <!-- Personal Test Cases -->
