<?xml version="1.0" encoding="UTF-8"?>
<testng-results skipped="0" failed="0" ignored="0" total="1" passed="1">
  <reporter-output>
  </reporter-output>
  <suite name="Default suite" duration-ms="7294" started-at="2020-04-30T15:21:19 IST" finished-at="2020-04-30T15:21:26 IST">
    <groups>
    </groups>
    <test name="Default test" duration-ms="7294" started-at="2020-04-30T15:21:19 IST" finished-at="2020-04-30T15:21:26 IST">
      <class name="TestNg.dataDrivenProps">
        <test-method status="PASS" signature="setDriver()[pri:0, instance:TestNg.dataDrivenProps@1f28c152]" name="setDriver" is-config="true" duration-ms="10" started-at="2020-04-30T15:21:19 IST" finished-at="2020-04-30T15:21:19 IST">
          <reporter-output>
          </reporter-output>
        </test-method> <!-- setDriver -->
        <test-method status="PASS" signature="login()[pri:0, instance:TestNg.dataDrivenProps@1f28c152]" name="login" duration-ms="7247" started-at="2020-04-30T15:21:19 IST" finished-at="2020-04-30T15:21:26 IST">
          <reporter-output>
          </reporter-output>
        </test-method> <!-- login -->
      </class> <!-- TestNg.dataDrivenProps -->
    </test> <!-- Default test -->
  </suite> <!-- Default suite -->
</testng-results>
